[debug] [2024-06-25T08:26:30.959Z] ----------------------------------------------------------------------
[debug] [2024-06-25T08:26:30.963Z] Command:       C:\Program Files\nodejs\node.exe C:\Users\Lemar\AppData\Roaming\npm\node_modules\firebase-tools\lib\bin\firebase.js init
[debug] [2024-06-25T08:26:30.963Z] CLI Version:   13.11.4
[debug] [2024-06-25T08:26:30.964Z] Platform:      win32
[debug] [2024-06-25T08:26:30.964Z] Node Version:  v20.12.0
[debug] [2024-06-25T08:26:30.964Z] Time:          Tue Jun 25 2024 16:26:30 GMT+0800 (China Standard Time)
[debug] [2024-06-25T08:26:30.965Z] ----------------------------------------------------------------------
[debug] 
[debug] [2024-06-25T08:26:30.996Z] > command requires scopes: ["email","openid","https://www.googleapis.com/auth/cloudplatformprojects.readonly","https://www.googleapis.com/auth/firebase","https://www.googleapis.com/auth/cloud-platform"]
[debug] [2024-06-25T08:26:31.005Z] > authorizing via signed-in user (lemarcanete4@gmail.com)
[info] 
     ######## #### ########  ######## ########     ###     ######  ########
     ##        ##  ##     ## ##       ##     ##  ##   ##  ##       ##
     ######    ##  ########  ######   ########  #########  ######  ######
     ##        ##  ##    ##  ##       ##     ## ##     ##       ## ##
     ##       #### ##     ## ######## ########  ##     ##  ######  ########

You're about to initialize a Firebase project in this directory:

  C:\Users\Lemar\Desktop\crowdfund

[info] 
=== Project Setup
[info] 
[info] First, let's associate this project directory with a Firebase project.
[info] You can create multiple project aliases by running firebase use --add, 
[info] but for now we'll just set up a default project.
[info] 
[debug] [2024-06-25T08:26:37.701Z] >>> [apiv2][query] GET https://firebase.googleapis.com/v1beta1/projects pageSize=100
[debug] [2024-06-25T08:26:38.570Z] <<< [apiv2][status] GET https://firebase.googleapis.com/v1beta1/projects 200
[debug] [2024-06-25T08:26:38.570Z] <<< [apiv2][body] GET https://firebase.googleapis.com/v1beta1/projects [omitted]
[info] i  Using project crowdfund-43b6f (crowdFund) 
[info] 
=== Database Setup
[info] i  database: ensuring required API firebasedatabase.googleapis.com is enabled... 
[debug] [2024-06-25T08:26:41.082Z] >>> [apiv2][query] GET https://serviceusage.googleapis.com/v1/projects/crowdfund-43b6f/services/firebasedatabase.googleapis.com [none]
[debug] [2024-06-25T08:26:41.082Z] >>> [apiv2][(partial)header] GET https://serviceusage.googleapis.com/v1/projects/crowdfund-43b6f/services/firebasedatabase.googleapis.com x-goog-quota-user=projects/crowdfund-43b6f
[debug] [2024-06-25T08:26:42.497Z] <<< [apiv2][status] GET https://serviceusage.googleapis.com/v1/projects/crowdfund-43b6f/services/firebasedatabase.googleapis.com 200
[debug] [2024-06-25T08:26:42.497Z] <<< [apiv2][body] GET https://serviceusage.googleapis.com/v1/projects/crowdfund-43b6f/services/firebasedatabase.googleapis.com [omitted]
[info] +  database: required API firebasedatabase.googleapis.com is enabled 
[info] 
[debug] [2024-06-25T08:26:42.499Z] >>> [apiv2][query] GET https://firebasedatabase.googleapis.com/v1beta/projects/crowdfund-43b6f/locations/-/instances/crowdfund-43b6f-default-rtdb [none]
[debug] [2024-06-25T08:26:43.940Z] <<< [apiv2][status] GET https://firebasedatabase.googleapis.com/v1beta/projects/crowdfund-43b6f/locations/-/instances/crowdfund-43b6f-default-rtdb 200
[debug] [2024-06-25T08:26:43.941Z] <<< [apiv2][body] GET https://firebasedatabase.googleapis.com/v1beta/projects/crowdfund-43b6f/locations/-/instances/crowdfund-43b6f-default-rtdb {"name":"projects/322483202422/locations/asia-southeast1/instances/crowdfund-43b6f-default-rtdb","project":"projects/322483202422","databaseUrl":"https://crowdfund-43b6f-default-rtdb.asia-southeast1.firebasedatabase.app","type":"DEFAULT_DATABASE","state":"ACTIVE"}
[info] 
[info] Firebase Realtime Database Security Rules allow you to define how your data should be
[info] structured and when your data can be read from and written to.
[info] 
[debug] [2024-06-25T08:27:06.854Z] >>> [apiv2][query] GET https://crowdfund-43b6f-default-rtdb.asia-southeast1.firebasedatabase.app/.settings/rules.json [none]
[debug] [2024-06-25T08:27:07.015Z] <<< [apiv2][status] GET https://crowdfund-43b6f-default-rtdb.asia-southeast1.firebasedatabase.app/.settings/rules.json 200
[debug] [2024-06-25T08:27:07.015Z] <<< [apiv2][body] GET https://crowdfund-43b6f-default-rtdb.asia-southeast1.firebasedatabase.app/.settings/rules.json [stream]
[info] +  Database Rules for crowdfund-43b6f-default-rtdb have been written to database.rules.json. 
[info] Future modifications to database.rules.json will update Realtime Database Security Rules when you run
[info] firebase deploy.
[info] 
=== Firestore Setup
[debug] [2024-06-25T08:27:07.020Z] >>> [apiv2][query] GET https://serviceusage.googleapis.com/v1/projects/crowdfund-43b6f/services/firestore.googleapis.com [none]
[debug] [2024-06-25T08:27:07.021Z] >>> [apiv2][(partial)header] GET https://serviceusage.googleapis.com/v1/projects/crowdfund-43b6f/services/firestore.googleapis.com x-goog-quota-user=projects/crowdfund-43b6f
[debug] [2024-06-25T08:27:08.445Z] <<< [apiv2][status] GET https://serviceusage.googleapis.com/v1/projects/crowdfund-43b6f/services/firestore.googleapis.com 200
[debug] [2024-06-25T08:27:08.445Z] <<< [apiv2][body] GET https://serviceusage.googleapis.com/v1/projects/crowdfund-43b6f/services/firestore.googleapis.com [omitted]
[debug] [2024-06-25T08:27:08.445Z] >>> [apiv2][query] GET https://firestore.googleapis.com/v1/projects/crowdfund-43b6f/databases/(default) [none]
[debug] [2024-06-25T08:27:09.272Z] <<< [apiv2][status] GET https://firestore.googleapis.com/v1/projects/crowdfund-43b6f/databases/(default) 200
[debug] [2024-06-25T08:27:09.272Z] <<< [apiv2][body] GET https://firestore.googleapis.com/v1/projects/crowdfund-43b6f/databases/(default) {"name":"projects/crowdfund-43b6f/databases/(default)","uid":"b155724b-ba8b-45a0-9017-fe0dd54bab44","createTime":"2024-06-25T08:25:19.145934Z","updateTime":"2024-06-25T08:25:19.145934Z","locationId":"asia-east2","type":"FIRESTORE_NATIVE","concurrencyMode":"PESSIMISTIC","versionRetentionPeriod":"3600s","earliestVersionTime":"2024-06-25T08:25:19.145934Z","appEngineIntegrationMode":"DISABLED","keyPrefix":"n","pointInTimeRecoveryEnablement":"POINT_IN_TIME_RECOVERY_DISABLED","deleteProtectionState":"DELETE_PROTECTION_DISABLED","etag":"IM/Y5M+q9oYDMM6n8pqq9oYD"}
[debug] [2024-06-25T08:27:09.272Z] database_type: FIRESTORE_NATIVE
[debug] [2024-06-25T08:27:09.272Z] > command requires scopes: ["email","openid","https://www.googleapis.com/auth/cloudplatformprojects.readonly","https://www.googleapis.com/auth/firebase","https://www.googleapis.com/auth/cloud-platform"]
[debug] [2024-06-25T08:27:09.273Z] > authorizing via signed-in user (lemarcanete4@gmail.com)
[debug] [2024-06-25T08:27:09.273Z] [iam] checking project crowdfund-43b6f for permissions ["firebase.projects.get"]
[debug] [2024-06-25T08:27:09.273Z] >>> [apiv2][query] POST https://cloudresourcemanager.googleapis.com/v1/projects/crowdfund-43b6f:testIamPermissions [none]
[debug] [2024-06-25T08:27:09.274Z] >>> [apiv2][(partial)header] POST https://cloudresourcemanager.googleapis.com/v1/projects/crowdfund-43b6f:testIamPermissions x-goog-quota-user=projects/crowdfund-43b6f
[debug] [2024-06-25T08:27:09.274Z] >>> [apiv2][body] POST https://cloudresourcemanager.googleapis.com/v1/projects/crowdfund-43b6f:testIamPermissions {"permissions":["firebase.projects.get"]}
[debug] [2024-06-25T08:27:10.339Z] <<< [apiv2][status] POST https://cloudresourcemanager.googleapis.com/v1/projects/crowdfund-43b6f:testIamPermissions 200
[debug] [2024-06-25T08:27:10.339Z] <<< [apiv2][body] POST https://cloudresourcemanager.googleapis.com/v1/projects/crowdfund-43b6f:testIamPermissions {"permissions":["firebase.projects.get"]}
[info] 
[info] Firestore Security Rules allow you to define how and when to allow
[info] requests. You can keep these rules in your project directory
[info] and publish them with firebase deploy.
[info] 
[debug] [2024-06-25T08:27:37.226Z] >>> [apiv2][query] GET https://firebaserules.googleapis.com/v1/projects/crowdfund-43b6f/releases pageSize=10&pageToken=
[debug] [2024-06-25T08:27:38.684Z] <<< [apiv2][status] GET https://firebaserules.googleapis.com/v1/projects/crowdfund-43b6f/releases 200
[debug] [2024-06-25T08:27:38.684Z] <<< [apiv2][body] GET https://firebaserules.googleapis.com/v1/projects/crowdfund-43b6f/releases {"releases":[{"name":"projects/crowdfund-43b6f/releases/cloud.firestore","rulesetName":"projects/crowdfund-43b6f/rulesets/b214bb00-ab37-495e-90f4-5a2356b702eb","createTime":"2024-06-25T08:25:25.339243Z","updateTime":"2024-06-25T08:25:25.339243Z"},{"name":"projects/crowdfund-43b6f/releases/firebase.storage/crowdfund-43b6f.appspot.com","rulesetName":"projects/crowdfund-43b6f/rulesets/3c81afa0-0d11-48f7-95a5-e557c86d223d","createTime":"2024-06-25T08:26:22.396185Z","updateTime":"2024-06-25T08:26:22.396185Z"}]}
[debug] [2024-06-25T08:27:38.685Z] Found ruleset: projects/crowdfund-43b6f/rulesets/b214bb00-ab37-495e-90f4-5a2356b702eb
[debug] [2024-06-25T08:27:38.685Z] >>> [apiv2][query] GET https://firebaserules.googleapis.com/v1/projects/crowdfund-43b6f/rulesets/b214bb00-ab37-495e-90f4-5a2356b702eb [none]
[debug] [2024-06-25T08:27:39.803Z] <<< [apiv2][status] GET https://firebaserules.googleapis.com/v1/projects/crowdfund-43b6f/rulesets/b214bb00-ab37-495e-90f4-5a2356b702eb 200
[debug] [2024-06-25T08:27:39.804Z] <<< [apiv2][body] GET https://firebaserules.googleapis.com/v1/projects/crowdfund-43b6f/rulesets/b214bb00-ab37-495e-90f4-5a2356b702eb [omitted]
[info] 
[info] Firestore indexes allow you to perform complex queries while
[info] maintaining performance that scales with the size of the result
[info] set. You can keep index definitions in your project directory
[info] and publish them with firebase deploy.
[info] 
[debug] [2024-06-25T08:27:49.248Z] >>> [apiv2][query] GET https://firestore.googleapis.com/v1/projects/crowdfund-43b6f/databases/(default)/collectionGroups/-/indexes [none]
[debug] [2024-06-25T08:27:49.251Z] >>> [apiv2][query] GET https://firestore.googleapis.com/v1/projects/crowdfund-43b6f/databases/(default)/collectionGroups/-/fields?filter=indexConfig.usesAncestorConfig=false OR ttlConfig:* [none]
[debug] [2024-06-25T08:27:49.980Z] <<< [apiv2][status] GET https://firestore.googleapis.com/v1/projects/crowdfund-43b6f/databases/(default)/collectionGroups/-/indexes 200
[debug] [2024-06-25T08:27:49.981Z] <<< [apiv2][body] GET https://firestore.googleapis.com/v1/projects/crowdfund-43b6f/databases/(default)/collectionGroups/-/indexes {}
[debug] [2024-06-25T08:27:50.135Z] <<< [apiv2][status] GET https://firestore.googleapis.com/v1/projects/crowdfund-43b6f/databases/(default)/collectionGroups/-/fields?filter=indexConfig.usesAncestorConfig=false OR ttlConfig:* 200
[debug] [2024-06-25T08:27:50.135Z] <<< [apiv2][body] GET https://firestore.googleapis.com/v1/projects/crowdfund-43b6f/databases/(default)/collectionGroups/-/fields?filter=indexConfig.usesAncestorConfig=false OR ttlConfig:* {"fields":[{"name":"projects/crowdfund-43b6f/databases/(default)/collectionGroups/__default__/fields/*","indexConfig":{"indexes":[{"queryScope":"COLLECTION","fields":[{"fieldPath":"*","order":"ASCENDING"}],"state":"READY"},{"queryScope":"COLLECTION","fields":[{"fieldPath":"*","order":"DESCENDING"}],"state":"READY"},{"queryScope":"COLLECTION","fields":[{"fieldPath":"*","arrayConfig":"CONTAINS"}],"state":"READY"}]}}]}
[info] 
=== Functions Setup
[debug] [2024-06-25T08:27:50.139Z] > command requires scopes: ["email","openid","https://www.googleapis.com/auth/cloudplatformprojects.readonly","https://www.googleapis.com/auth/firebase","https://www.googleapis.com/auth/cloud-platform"]
[debug] [2024-06-25T08:27:50.139Z] > authorizing via signed-in user (lemarcanete4@gmail.com)
[debug] [2024-06-25T08:27:50.139Z] [iam] checking project crowdfund-43b6f for permissions ["firebase.projects.get"]
[debug] [2024-06-25T08:27:50.140Z] >>> [apiv2][query] POST https://cloudresourcemanager.googleapis.com/v1/projects/crowdfund-43b6f:testIamPermissions [none]
[debug] [2024-06-25T08:27:50.140Z] >>> [apiv2][(partial)header] POST https://cloudresourcemanager.googleapis.com/v1/projects/crowdfund-43b6f:testIamPermissions x-goog-quota-user=projects/crowdfund-43b6f
[debug] [2024-06-25T08:27:50.140Z] >>> [apiv2][body] POST https://cloudresourcemanager.googleapis.com/v1/projects/crowdfund-43b6f:testIamPermissions {"permissions":["firebase.projects.get"]}
[debug] [2024-06-25T08:27:51.261Z] <<< [apiv2][status] POST https://cloudresourcemanager.googleapis.com/v1/projects/crowdfund-43b6f:testIamPermissions 200
[debug] [2024-06-25T08:27:51.261Z] <<< [apiv2][body] POST https://cloudresourcemanager.googleapis.com/v1/projects/crowdfund-43b6f:testIamPermissions {"permissions":["firebase.projects.get"]}
[debug] [2024-06-25T08:27:51.262Z] >>> [apiv2][query] GET https://serviceusage.googleapis.com/v1/projects/crowdfund-43b6f/services/cloudfunctions.googleapis.com [none]
[debug] [2024-06-25T08:27:51.262Z] >>> [apiv2][(partial)header] GET https://serviceusage.googleapis.com/v1/projects/crowdfund-43b6f/services/cloudfunctions.googleapis.com x-goog-quota-user=projects/crowdfund-43b6f
[debug] [2024-06-25T08:27:51.266Z] >>> [apiv2][query] GET https://serviceusage.googleapis.com/v1/projects/crowdfund-43b6f/services/runtimeconfig.googleapis.com [none]
[debug] [2024-06-25T08:27:51.267Z] >>> [apiv2][(partial)header] GET https://serviceusage.googleapis.com/v1/projects/crowdfund-43b6f/services/runtimeconfig.googleapis.com x-goog-quota-user=projects/crowdfund-43b6f
[debug] [2024-06-25T08:27:52.678Z] <<< [apiv2][status] GET https://serviceusage.googleapis.com/v1/projects/crowdfund-43b6f/services/runtimeconfig.googleapis.com 200
[debug] [2024-06-25T08:27:52.678Z] <<< [apiv2][body] GET https://serviceusage.googleapis.com/v1/projects/crowdfund-43b6f/services/runtimeconfig.googleapis.com [omitted]
[debug] [2024-06-25T08:27:52.698Z] <<< [apiv2][status] GET https://serviceusage.googleapis.com/v1/projects/crowdfund-43b6f/services/cloudfunctions.googleapis.com 200
[debug] [2024-06-25T08:27:52.698Z] <<< [apiv2][body] GET https://serviceusage.googleapis.com/v1/projects/crowdfund-43b6f/services/cloudfunctions.googleapis.com [omitted]
[debug] [2024-06-25T08:27:52.699Z] >>> [apiv2][query] POST https://serviceusage.googleapis.com/v1/projects/crowdfund-43b6f/services/cloudfunctions.googleapis.com:enable [none]
[debug] [2024-06-25T08:27:52.699Z] >>> [apiv2][(partial)header] POST https://serviceusage.googleapis.com/v1/projects/crowdfund-43b6f/services/cloudfunctions.googleapis.com:enable x-goog-quota-user=projects/crowdfund-43b6f
[debug] [2024-06-25T08:27:53.259Z] <<< [apiv2][status] POST https://serviceusage.googleapis.com/v1/projects/crowdfund-43b6f/services/cloudfunctions.googleapis.com:enable 200
[debug] [2024-06-25T08:27:53.259Z] <<< [apiv2][body] POST https://serviceusage.googleapis.com/v1/projects/crowdfund-43b6f/services/cloudfunctions.googleapis.com:enable [omitted]
[debug] [2024-06-25T08:28:03.265Z] >>> [apiv2][query] GET https://serviceusage.googleapis.com/v1/projects/crowdfund-43b6f/services/cloudfunctions.googleapis.com [none]
[debug] [2024-06-25T08:28:03.266Z] >>> [apiv2][(partial)header] GET https://serviceusage.googleapis.com/v1/projects/crowdfund-43b6f/services/cloudfunctions.googleapis.com x-goog-quota-user=projects/crowdfund-43b6f
[debug] [2024-06-25T08:28:04.693Z] <<< [apiv2][status] GET https://serviceusage.googleapis.com/v1/projects/crowdfund-43b6f/services/cloudfunctions.googleapis.com 200
[debug] [2024-06-25T08:28:04.693Z] <<< [apiv2][body] GET https://serviceusage.googleapis.com/v1/projects/crowdfund-43b6f/services/cloudfunctions.googleapis.com [omitted]
[info] Let's create a new codebase for your functions.
[info] A directory corresponding to the codebase will be created in your project
[info] with sample code pre-configured.

[info] See https://firebase.google.com/docs/functions/organize-functions for
[info] more information on organizing your functions using codebases.

[info] Functions can be deployed with firebase deploy.

[info] +  Wrote functions/package.json 
[info] +  Wrote functions/.eslintrc.js 
[info] +  Wrote functions/index.js 
[info] +  Wrote functions/.gitignore 
[info] 
=== Hosting Setup
[debug] [2024-06-25T08:29:45.721Z] >>> [apiv2][query] GET https://firebase.googleapis.com/v1beta1/projects/crowdfund-43b6f [none]
[debug] [2024-06-25T08:29:46.279Z] <<< [apiv2][status] GET https://firebase.googleapis.com/v1beta1/projects/crowdfund-43b6f 200
[debug] [2024-06-25T08:29:46.279Z] <<< [apiv2][body] GET https://firebase.googleapis.com/v1beta1/projects/crowdfund-43b6f {"projectId":"crowdfund-43b6f","projectNumber":"322483202422","displayName":"crowdFund","name":"projects/crowdfund-43b6f","resources":{"hostingSite":"crowdfund-43b6f","realtimeDatabaseInstance":"crowdfund-43b6f-default-rtdb","storageBucket":"crowdfund-43b6f.appspot.com","locationId":"asia-east2"},"state":"ACTIVE","etag":"1_cb75fd5f-a134-4641-9add-41f588cd4d6f"}
[info] 
[info] Your public directory is the folder (relative to your project directory) that
[info] will contain Hosting assets to be uploaded with firebase deploy. If you
[info] have a build process for your assets, use your build's output directory.
[info] 
[info] +  Wrote public/404.html 
[debug] [2024-06-25T08:30:49.168Z] >>> [apiv2][query] GET https://www.gstatic.com/firebasejs/releases.json [none]
[debug] [2024-06-25T08:30:49.537Z] <<< [apiv2][status] GET https://www.gstatic.com/firebasejs/releases.json 200
[debug] [2024-06-25T08:30:49.538Z] <<< [apiv2][body] GET https://www.gstatic.com/firebasejs/releases.json {"current":{"version":"10.12.2","browserURL":"https://www.gstatic.com/firebasejs/10.12.2/firebase.js","packageURL":"https://www.gstatic.com/firebasejs/10.12.2/firebase.tgz"},"live":{"version":"10.12","browserURL":"https://www.gstatic.com/firebasejs/live/10.12/firebase.js","packageURL":"https://www.gstatic.com/firebasejs/live/10.12/firebase.tgz"},"components":{"analytics":"https://www.gstatic.com/firebasejs/10.12.2/firebase-analytics.js","app":"https://www.gstatic.com/firebasejs/10.12.2/firebase-app.js","app-check":"https://www.gstatic.com/firebasejs/10.12.2/firebase-app-check.js","auth":"https://www.gstatic.com/firebasejs/10.12.2/firebase-auth.js","auth/cordova":"https://www.gstatic.com/firebasejs/10.12.2/firebase-auth/cordova.js","auth/web-extension":"https://www.gstatic.com/firebasejs/10.12.2/firebase-auth/web-extension.js","functions":"https://www.gstatic.com/firebasejs/10.12.2/firebase-functions.js","firestore":"https://www.gstatic.com/firebasejs/10.12.2/firebase-firestore.js","firestore/lite":"https://www.gstatic.com/firebasejs/10.12.2/firebase-firestore/lite.js","installations":"https://www.gstatic.com/firebasejs/10.12.2/firebase-installations.js","storage":"https://www.gstatic.com/firebasejs/10.12.2/firebase-storage.js","performance":"https://www.gstatic.com/firebasejs/10.12.2/firebase-performance.js","remote-config":"https://www.gstatic.com/firebasejs/10.12.2/firebase-remote-config.js","messaging":"https://www.gstatic.com/firebasejs/10.12.2/firebase-messaging.js","messaging/sw":"https://www.gstatic.com/firebasejs/10.12.2/firebase-messaging/sw.js","database":"https://www.gstatic.com/firebasejs/10.12.2/firebase-database.js","vertexai-preview":"https://www.gstatic.com/firebasejs/10.12.2/firebase-vertexai-preview.js","firestore.memory":"https://www.gstatic.com/firebasejs/10.12.2/firebase-firestore.memory.js"}}
[info] +  Wrote public/index.html 
[info] 
=== Storage Setup
[info] 
[info] Firebase Storage Security Rules allow you to define how and when to allow
[info] uploads and downloads. You can keep these rules in your project directory
[info] and publish them with firebase deploy.
[info] 
[info] +  Wrote storage.rules 
[info] 
=== Emulators Setup
